<?xml version="1.0" encoding="UTF-8"?>
<!-- Generated by org.testng.reporters.JUnitReportReporter -->
<testsuite hostname="USPL5VDR0L2" name="com.experitest.auto.AndroidDemoTest" tests="1" failures="0" timestamp="2 Mar 2018 10:49:56 GMT" time="241.505" errors="0">
  <testcase name="testing" time="241.505" classname="com.experitest.auto.AndroidDemoTest"/>
</testsuite> <!-- com.experitest.auto.AndroidDemoTest -->
